<?xml version="1.0" encoding="UTF-8"?>
<!-- Generated by org.testng.reporters.JUnitReportReporter -->
<testsuite hostname="Naina" failures="0" tests="1" name="com.CRM.Tests.Login" time="0.813" errors="0" timestamp="2024-05-04T17:13:30 IST" skipped="0">
  <testcase classname="com.CRM.Tests.Login" name="ValidateLogin" time="0.813"/>
  <system-out/>
</testsuite> <!-- com.CRM.Tests.Login -->
