<?xml version="1.0" encoding="UTF-8"?>
<!-- Generated by org.testng.reporters.JUnitReportReporter -->
<testsuite hostname="Naina" failures="0" tests="3" name="com.CRM.Tests.HomePageTest" time="0.137" errors="0" timestamp="2024-05-04T17:13:29 IST" skipped="0">
  <testcase classname="com.CRM.Tests.HomePageTest" name="ValidateUrl" time="0.020"/>
  <system-out/>
  <testcase classname="com.CRM.Tests.HomePageTest" name="ValidateTitle" time="0.011"/>
  <system-out/>
  <testcase classname="com.CRM.Tests.HomePageTest" name="ValidateSignIn" time="0.106"/>
  <system-out/>
</testsuite> <!-- com.CRM.Tests.HomePageTest -->
