<?xml version="1.0" encoding="UTF-8"?>
<!-- Generated by org.testng.reporters.JUnitReportReporter -->
<testsuite hostname="Naina" failures="0" tests="3" name="com.CRM.Tests.HomePageTest" time="0.389" errors="0" timestamp="2024-05-09T09:53:19 IST" skipped="0">
  <testcase classname="com.CRM.Tests.HomePageTest" name="ValidateUrl" time="0.067"/>
  <system-out/>
  <testcase classname="com.CRM.Tests.HomePageTest" name="ValidateTitle" time="0.037"/>
  <system-out/>
  <testcase classname="com.CRM.Tests.HomePageTest" name="ValidateSignIn" time="0.285"/>
  <system-out/>
</testsuite> <!-- com.CRM.Tests.HomePageTest -->
