<?xml version="1.0" encoding="UTF-8"?>
<!-- Generated by org.testng.reporters.JUnitReportReporter -->
<testsuite hostname="Naina" failures="0" tests="1" name="com.CRM.Tests.LoginTest" time="3.201" errors="0" timestamp="2024-05-09T11:47:55 IST" skipped="0">
  <testcase classname="com.CRM.Tests.LoginTest" name="ValidateLogin" time="3.201"/>
  <system-out/>
</testsuite> <!-- com.CRM.Tests.LoginTest -->
