<?xml version="1.0" encoding="UTF-8"?>
<!-- Generated by org.testng.reporters.JUnitReportReporter -->
<testsuite hostname="Naina" failures="0" tests="3" name="com.CRM.Tests.HomePageTest" time="0.859" errors="0" timestamp="2024-05-09T11:47:55 IST" skipped="0">
  <testcase classname="com.CRM.Tests.HomePageTest" name="ValidateUrl" time="0.033"/>
  <system-out/>
  <testcase classname="com.CRM.Tests.HomePageTest" name="ValidateTitle" time="0.047"/>
  <system-out/>
  <testcase classname="com.CRM.Tests.HomePageTest" name="ValidateSignIn" time="0.779"/>
  <system-out/>
</testsuite> <!-- com.CRM.Tests.HomePageTest -->
