<?xml version="1.0" encoding="UTF-8"?>
<!-- Generated by org.testng.reporters.JUnitReportReporter -->
<testsuite hostname="Naina" failures="0" tests="1" name="com.CRM.Tests.LoginTest" time="1.889" errors="0" timestamp="2024-05-09T10:42:32 IST" skipped="0">
  <testcase classname="com.CRM.Tests.LoginTest" name="ValidateLogin" time="1.889"/>
  <system-out/>
</testsuite> <!-- com.CRM.Tests.LoginTest -->
